97 networks total; 0 already done
karate/77                                      n=      34  B=    1.0 +/-  0.0  (R=3, 0s)
dutch_criticism: FAILED OSError: Error reading graph: invalid property type 253  (0s)
montreal                                       n=      29  B=    1.0 +/-  0.0  (R=3, 0s)
windsurfers                                    n=      43  B=    2.3 +/-  0.5  (R=3, 0s)
macaque_neural                                 n=      47  B=    4.7 +/-  0.5  (R=3, 0s)
sp_kenyan_households                           n=      47  B=    6.3 +/-  0.5  (R=3, 0s)
contiguous_usa                                 n=      49  B=    2.3 +/-  0.5  (R=3, 0s)
cs_department                                  n=      61  B=    4.3 +/-  0.5  (R=3, 0s)
dolphins                                       n=      62  B=    2.3 +/-  0.5  (R=3, 0s)
terrorists_911                                 n=      62  B=    2.7 +/-  0.5  (R=3, 0s)
train_terrorists                               n=      64  B=    6.7 +/-  1.7  (R=3, 0s)
baseball/player-player                         n=      45  B=    1.0 +/-  0.0  (R=3, 0s)
blumenau_drug                                  n=      75  B=    1.0 +/-  0.0  (R=3, 0s)
sp_hospital                                    n=      75  B=    2.3 +/-  0.5  (R=3, 0s)
lesmis                                         n=      77  B=    7.0 +/-  0.8  (R=3, 0s)
sp_office                                      n=      92  B=    6.0 +/-  1.6  (R=3, 0s)
reality_mining                                 n=      96  B=    2.3 +/-  0.5  (R=3, 13s)
polbooks                                       n=     105  B=    5.0 +/-  2.2  (R=3, 0s)
game_thrones                                   n=     107  B=    3.7 +/-  0.9  (R=3, 0s)
moviegalaxies/178                              n=     109  B=    3.7 +/-  0.5  (R=3, 0s)
adjnoun                                        n=     112  B=    1.0 +/-  0.0  (R=3, 0s)
sp_hypertext/contacts                          n=     113  B=    1.0 +/-  0.0  (R=3, 1s)
football                                       n=     115  B=    9.7 +/-  0.5  (R=3, 1s)
football_tsevans                               n=     115  B=   10.3 +/-  0.5  (R=3, 1s)
sp_high_school_new/2012                        n=     180  B=    8.0 +/-  1.4  (R=3, 1s)
student_cooperation                            n=     141  B=    4.7 +/-  0.5  (R=3, 1s)
jazz_collab                                    n=     198  B=   15.0 +/-  2.2  (R=3, 1s)
interactome_pdz                                n=     161  B=    3.0 +/-  0.8  (R=3, 0s)
sp_primary_school                              n=     242  B=   17.7 +/-  0.9  (R=3, 2s)
contact                                        n=     274  B=    4.0 +/-  2.2  (R=3, 0s)
malaria_genes/HVR_1                            n=     307  B=   13.3 +/-  0.5  (R=3, 0s)
sp_high_school/facebook                        n=     156  B=    9.3 +/-  0.9  (R=3, 0s)
marvel_partnerships                            n=     181  B=    2.7 +/-  0.5  (R=3, 0s)
facebook_friends                               n=     329  B=   10.0 +/-  0.8  (R=3, 0s)
london_transport                               n=     369  B=    1.0 +/-  0.0  (R=3, 0s)
ugandan_village/friendship-16                  n=     372  B=    1.0 +/-  0.0  (R=3, 1s)
sp_colocation/SFHH                             n=     403  B=    1.0 +/-  0.0  (R=3, 6s)
webkb/webkb_washington_cocite                  n=     434  B=   23.3 +/-  6.1  (R=3, 1s)
eu_airlines                                    n=     417  B=   12.7 +/-  3.1  (R=3, 1s)
us_congress/H110                               n=     452  B=   22.0 +/-  0.8  (R=3, 6s)
celegans_metabolic                             n=     453  B=   15.3 +/-  1.2  (R=3, 0s)
celegans_2019/male_gap_junction_corrected      n=     484  B=   13.7 +/-  7.4  (R=3, 0s)
wiki_science                                   n=     677  B=   28.3 +/-  4.7  (R=3, 1s)
internet_top_pop/Kdl: FAILED OSError: Error reading graph: invalid property type 52  (0s)
copenhagen/fb_friends                          n=     800  B=   38.3 +/-  1.7  (R=3, 2s)
product_space/HS                               n=     866  B=   12.0 +/-  0.8  (R=3, 1s)
budapest_connectome/all_1m: FAILED MemoryError:   (0s)
euroroad                                       n=    1039  B=    1.7 +/-  0.5  (R=3, 0s)
new_zealand_collab                             n=    1463  B=   12.7 +/-  2.5  (R=3, 1s)
board_directors/net1m_2008-06-01               n=     852  B=   27.7 +/-  0.9  (R=3, 1s)
netscience                                     n=     379  B=   12.7 +/-  0.5  (R=3, 0s)
collins_yeast                                  n=    1004  B=   27.7 +/-  4.1  (R=3, 1s)
bible_nouns                                    n=    1707  B=   42.7 +/-  0.9  (R=3, 4s)
interactome_yeast                              n=    1458  B=    1.3 +/-  0.5  (R=3, 1s)
kegg_metabolic/hsa                             n=    1865  B=   21.3 +/-  4.6  (R=3, 2s)
dnc                                            n=     849  B=   22.3 +/-  1.9  (R=3, 1s)
urban_streets/ahmedabad                        n=    2870  B=   14.0 +/-  1.4  (R=3, 1s)
drosophila_flybi                               n=    2705  B=   16.7 +/- 12.3  (R=3, 3s)
interactome_vidal                              n=    2783  B=   14.7 +/-  2.4  (R=3, 2s)
power                                          n=    4941  B=   11.7 +/-  2.1  (R=3, 2s)
facebook_organizations/L1                      n=    5793  B=   35.0 +/-  4.9  (R=3, 6s)
fullerene_structures/C6000                     n=    6000  B=   23.3 +/-  3.9  (R=3, 3s)
celegans_interactomes/IntegratedNetwork        n=    5966  B=  104.0 +/-  8.0  (R=3, 27s)
reactome                                       n=    5973  B=  118.7 +/-  3.3  (R=3, 10s)
route_views/20000102                           n=    6474  B=   18.3 +/-  6.2  (R=3, 4s)
sp_infectious                                  n=     410  B=   14.3 +/-  0.5  (R=3, 1s)
physics_collab/arXiv                           n=    8798  B=   87.3 +/-  3.4  (R=3, 5s)
tree-of-life/9606                              n=   16415  B=  260.3 +/- 24.6  (R=3, 206s)
marvel_universe                                n=   19182  B=  129.3 +/-  2.9  (R=3, 32s)
internet_as                                    n=   22963  B=   53.0 +/-  2.2  (R=3, 19s)
topology                                       n=   34761  B=   91.0 +/-  6.0  (R=2, 32s)
hiv_transmission: FAILED KeyError: 'HTTP Error 401: UNAUTHORIZED'  (0s)
arxiv_collab/cond-mat-2005                     n=   36458  B=  281.0 +/-  9.0  (R=2, 36s)
marker_cafe                                    n=   69317  B=  193.5 +/- 13.5  (R=2, 1055s)
livemocha                                      n=  104103  B=  313.5 +/- 45.5  (R=2, 2030s)
ego_social/gplus_combined                      n=  107614  B=  918.5 +/- 63.5  (R=2, 3693s)
mist/ppi_interolog_human                       n=   16820  B=  180.0 +/- 24.4  (R=3, 377s)
foursquare_friendships/new                     n=  109960  B=  212.0 +/-  5.0  (R=2, 290s)
wikiconflict                                   n=  113123  B=  785.5 +/-  9.5  (R=2, 577s)
arxiv_authors/AstroPh                          n=   17903  B=  259.7 +/-  5.2  (R=3, 53s)
wordnet                                        n=  145145  B=  542.0 +/-  2.0  (R=2, 252s)
douban                                         n=  154908  B=   59.0 +/-  0.0  (R=1, 147s)
social_location/gowalla                        n=  196591  B=  330.0 +/-  0.0  (R=1, 457s)
dblp_coauthor_snap                             n=  317080  B=  681.0 +/-  0.0  (R=1, 266s)
petster                                        n=  601213  B= 1977.0 +/-  0.0  (R=1, 7726s)
mag_history_coauthor/full-proj                 n=  242048  B=  587.0 +/-  0.0  (R=1, 329s)
mag_geology_coauthor/full-proj                 n=  903973  B= 1379.0 +/-  0.0  (R=1, 3636s)
hyves                                          n= 1402673  B=  266.0 +/-  0.0  (R=1, 2853s)
as_skitter                                     n= 1694616  B= 1609.0 +/-  0.0  (R=1, 26262s)
dblp_coauthor                                  n= 1653767  B= 2003.0 +/-  0.0  (R=1, 7109s)
human_brains/BNU_1_0025864_session_1-bg: FAILED MemoryError:   (44s)
dblp_simplices/full-proj                       n= 1659954  B= 1927.0 +/-  0.0  (R=1, 7317s)
roadnet/CA                                     n= 1957027  B=  524.0 +/-  0.0  (R=1, 1990s)
us_roads/TX                                    n= 2037156  B=  348.0 +/-  0.0  (R=1, 1845s)
